C:\USERS\DYAKO\DESKTOP\GIT\LAB06-LISTDIR-ARKAIDES\LAB06-LISTDIR\DEBUG\LISTDIR.OBJ
C:\USERS\DYAKO\DESKTOP\GIT\LAB06-LISTDIR-ARKAIDES\LAB06-LISTDIR\DEBUG\VC110.PDB
C:\USERS\DYAKO\DESKTOP\GIT\LAB06-LISTDIR-ARKAIDES\LAB06-LISTDIR\DEBUG\LAB06-LISTDIR.ILK
C:\USERS\DYAKO\DESKTOP\GIT\LAB06-LISTDIR-ARKAIDES\LAB06-LISTDIR\DEBUG\LAB06-LISTDIR.EXE
C:\USERS\DYAKO\DESKTOP\GIT\LAB06-LISTDIR-ARKAIDES\LAB06-LISTDIR\DEBUG\LAB06-LISTDIR.PDB
C:\Users\dyako\Desktop\Git\lab06-listdir-Arkaides\lab06-listdir\Debug\listdir.obj
C:\Users\dyako\Desktop\Git\lab06-listdir-Arkaides\lab06-listdir\Debug\lab06-listdir.ilk
C:\Users\dyako\Desktop\Git\lab06-listdir-Arkaides\lab06-listdir\Debug\cl.command.1.tlog
C:\Users\dyako\Desktop\Git\lab06-listdir-Arkaides\lab06-listdir\Debug\CL.read.1.tlog
C:\Users\dyako\Desktop\Git\lab06-listdir-Arkaides\lab06-listdir\Debug\CL.write.1.tlog
C:\Users\dyako\Desktop\Git\lab06-listdir-Arkaides\lab06-listdir\Debug\link-cvtres.read.1.tlog
C:\Users\dyako\Desktop\Git\lab06-listdir-Arkaides\lab06-listdir\Debug\link-cvtres.write.1.tlog
C:\Users\dyako\Desktop\Git\lab06-listdir-Arkaides\lab06-listdir\Debug\link-rc.read.1.tlog
C:\Users\dyako\Desktop\Git\lab06-listdir-Arkaides\lab06-listdir\Debug\link-rc.write.1.tlog
C:\Users\dyako\Desktop\Git\lab06-listdir-Arkaides\lab06-listdir\Debug\link.command.1.tlog
C:\Users\dyako\Desktop\Git\lab06-listdir-Arkaides\lab06-listdir\Debug\link.read.1.tlog
C:\Users\dyako\Desktop\Git\lab06-listdir-Arkaides\lab06-listdir\Debug\link.write.1.tlog
C:\Users\dyako\Desktop\Git\lab06-listdir-Arkaides\lab06-listdir\Debug\vc110.idb
C:\Users\dyako\Desktop\Git\lab06-listdir-Arkaides\lab06-listdir\Debug\lab06-listdir.pdb
C:\Users\dyako\Desktop\Git\lab06-listdir-Arkaides\lab06-listdir\Debug\vc110.pdb
C:\Users\dyako\Desktop\Git\lab06-listdir-Arkaides\lab06-listdir\Debug\lab06-listdir.exe
